<?xml version="1.0" encoding="UTF-8"?>
<testsuite name="StringUtilsTest" tests="1" skipped="0" failures="0" errors="0" timestamp="2021-08-12T13:47:21" hostname="MacBook-Air-Andrej.local" time="0.029">
  <properties/>
  <testcase name="isPositiveNumber()" classname="StringUtilsTest" time="0.029"/>
  <system-out><![CDATA[]]></system-out>
  <system-err><![CDATA[]]></system-err>
</testsuite>
